<?xml version="1.0" encoding="UTF-8"?>
<!-- Generated by org.testng.reporters.JUnitReportReporter -->
<testsuite skipped="0" hostname="HP" name="tests.com.automationpractice.PageFactoryTest_Purchasing" tests="1" failures="0" timestamp="2020-08-21T18:08:31 BDT" time="188.481" errors="0">
  <testcase name="verify_add_any_product_to_cart_from_homepage" time="188.481" classname="tests.com.automationpractice.PageFactoryTest_Purchasing"/>
</testsuite> <!-- tests.com.automationpractice.PageFactoryTest_Purchasing -->
