<?xml version="1.0" encoding="UTF-8"?>
<!-- Generated by org.testng.reporters.JUnitReportReporter -->
<testsuite skipped="0" hostname="HP" name="tests.com.automationpractice.PageFactoryTest_Login" tests="3" failures="0" timestamp="2020-08-21T18:02:50 BDT" time="72.395" errors="0">
  <testcase name="tc401_verify_ui_elements_of_login_form" time="5.772" classname="tests.com.automationpractice.PageFactoryTest_Login"/>
  <testcase name="tc402_verfy_signin_functionality_for_negetive" time="30.519" classname="tests.com.automationpractice.PageFactoryTest_Login"/>
  <testcase name="tc403_verfy_signin_functionality_for_positive" time="36.104" classname="tests.com.automationpractice.PageFactoryTest_Login"/>
</testsuite> <!-- tests.com.automationpractice.PageFactoryTest_Login -->
