<?xml version="1.0" encoding="UTF-8"?>
<!-- Generated by org.testng.reporters.JUnitReportReporter -->
<testsuite skipped="0" hostname="HP" name="tests.com.automationpractice.PageFactoryTest_HomePage_UI_Element" tests="1" failures="0" timestamp="2020-08-21T18:02:50 BDT" time="0.497" errors="0">
  <testcase name="verify_UI_Element_of_Home_Page" time="0.497" classname="tests.com.automationpractice.PageFactoryTest_HomePage_UI_Element"/>
</testsuite> <!-- tests.com.automationpractice.PageFactoryTest_HomePage_UI_Element -->
